mode: set
github.com\robsix\json\json.go:20.27,22.2 1 1
github.com\robsix\json\json.go:26.41,28.2 1 1
github.com\robsix\json\json.go:32.44,34.2 1 1
github.com\robsix\json\json.go:38.41,40.2 1 1
github.com\robsix\json\json.go:44.43,46.16 2 1
github.com\robsix\json\json.go:49.2,49.24 1 1
github.com\robsix\json\json.go:46.16,48.3 1 1
github.com\robsix\json\json.go:53.45,54.14 1 1
github.com\robsix\json\json.go:57.2,58.9 2 1
github.com\robsix\json\json.go:61.2,61.27 1 1
github.com\robsix\json\json.go:54.14,56.3 1 1
github.com\robsix\json\json.go:58.9,60.3 1 1
github.com\robsix\json\json.go:65.54,66.15 1 1
github.com\robsix\json\json.go:69.2,74.15 6 1
github.com\robsix\json\json.go:66.15,68.3 1 1
github.com\robsix\json\json.go:78.42,80.2 1 1
github.com\robsix\json\json.go:83.43,86.2 2 1
github.com\robsix\json\json.go:89.48,91.2 1 1
github.com\robsix\json\json.go:94.49,97.2 2 1
github.com\robsix\json\json.go:100.60,103.2 2 1
github.com\robsix\json\json.go:106.46,110.2 3 1
github.com\robsix\json\json.go:113.46,115.2 1 1
github.com\robsix\json\json.go:118.48,122.2 3 1
github.com\robsix\json\json.go:130.65,132.25 2 1
github.com\robsix\json\json.go:157.2,157.17 1 1
github.com\robsix\json\json.go:132.25,133.32 1 1
github.com\robsix\json\json.go:133.32,134.39 1 1
github.com\robsix\json\json.go:134.39,135.30 1 1
github.com\robsix\json\json.go:135.30,137.6 1 1
github.com\robsix\json\json.go:137.6,139.6 1 1
github.com\robsix\json\json.go:140.5,142.5 1 1
github.com\robsix\json\json.go:143.4,143.38 1 1
github.com\robsix\json\json.go:143.38,144.41 1 1
github.com\robsix\json\json.go:144.41,145.37 1 1
github.com\robsix\json\json.go:145.37,147.6 1 1
github.com\robsix\json\json.go:147.6,149.6 1 1
github.com\robsix\json\json.go:150.5,152.5 1 1
github.com\robsix\json\json.go:153.4,155.4 1 1
github.com\robsix\json\json.go:165.73,166.20 1 1
github.com\robsix\json\json.go:171.2,173.33 2 1
github.com\robsix\json\json.go:204.2,204.12 1 1
github.com\robsix\json\json.go:166.20,169.3 2 1
github.com\robsix\json\json.go:173.33,174.38 1 1
github.com\robsix\json\json.go:174.38,175.39 1 1
github.com\robsix\json\json.go:175.39,176.25 1 1
github.com\robsix\json\json.go:176.25,178.6 1 1
github.com\robsix\json\json.go:178.6,181.23 3 1
github.com\robsix\json\json.go:184.6,184.25 1 1
github.com\robsix\json\json.go:181.23,183.7 1 1
github.com\robsix\json\json.go:186.5,188.5 1 1
github.com\robsix\json\json.go:189.4,189.44 1 1
github.com\robsix\json\json.go:189.44,190.73 1 1
github.com\robsix\json\json.go:190.73,191.25 1 1
github.com\robsix\json\json.go:191.25,193.6 1 1
github.com\robsix\json\json.go:193.6,195.6 1 1
github.com\robsix\json\json.go:196.5,198.5 1 1
github.com\robsix\json\json.go:199.4,201.4 1 1
github.com\robsix\json\json.go:208.56,209.20 1 1
github.com\robsix\json\json.go:214.2,216.16 3 1
github.com\robsix\json\json.go:221.2,221.37 1 1
github.com\robsix\json\json.go:248.2,248.12 1 1
github.com\robsix\json\json.go:209.20,212.3 2 1
github.com\robsix\json\json.go:216.16,219.3 2 1
github.com\robsix\json\json.go:221.37,222.38 1 1
github.com\robsix\json\json.go:222.38,224.4 1 1
github.com\robsix\json\json.go:224.4,226.4 1 1
github.com\robsix\json\json.go:227.3,227.43 1 1
github.com\robsix\json\json.go:227.43,228.40 1 1
github.com\robsix\json\json.go:228.40,230.4 1 1
github.com\robsix\json\json.go:230.4,230.42 1 1
github.com\robsix\json\json.go:230.42,232.4 1 1
github.com\robsix\json\json.go:232.4,234.14 2 1
github.com\robsix\json\json.go:234.14,236.5 1 1
github.com\robsix\json\json.go:236.5,238.42 2 1
github.com\robsix\json\json.go:238.42,240.6 1 1
github.com\robsix\json\json.go:240.6,240.48 1 1
github.com\robsix\json\json.go:240.48,242.6 1 1
github.com\robsix\json\json.go:245.3,247.3 1 1
github.com\robsix\json\json.go:252.77,255.2 2 1
github.com\robsix\json\json.go:258.73,260.16 2 1
github.com\robsix\json\json.go:263.2,263.52 1 1
github.com\robsix\json\json.go:266.2,266.75 1 1
github.com\robsix\json\json.go:260.16,262.3 1 1
github.com\robsix\json\json.go:263.52,265.3 1 1
github.com\robsix\json\json.go:275.96,276.42 1 1
github.com\robsix\json\json.go:279.2,279.12 1 1
github.com\robsix\json\json.go:276.42,278.3 1 1
github.com\robsix\json\json.go:283.66,285.16 2 1
github.com\robsix\json\json.go:288.2,288.43 1 1
github.com\robsix\json\json.go:291.2,291.66 1 1
github.com\robsix\json\json.go:285.16,287.3 1 1
github.com\robsix\json\json.go:288.43,290.3 1 1
github.com\robsix\json\json.go:300.80,301.44 1 1
github.com\robsix\json\json.go:304.2,304.12 1 1
github.com\robsix\json\json.go:301.44,303.3 1 1
github.com\robsix\json\json.go:308.56,310.16 2 1
github.com\robsix\json\json.go:313.2,313.34 1 1
github.com\robsix\json\json.go:316.2,316.59 1 1
github.com\robsix\json\json.go:310.16,312.3 1 1
github.com\robsix\json\json.go:313.34,315.3 1 1
github.com\robsix\json\json.go:323.61,324.43 1 1
github.com\robsix\json\json.go:327.2,327.12 1 1
github.com\robsix\json\json.go:324.43,326.3 1 1
github.com\robsix\json\json.go:331.60,333.16 2 1
github.com\robsix\json\json.go:336.2,336.36 1 1
github.com\robsix\json\json.go:339.2,339.58 1 1
github.com\robsix\json\json.go:333.16,335.3 1 1
github.com\robsix\json\json.go:336.36,338.3 1 1
github.com\robsix\json\json.go:346.67,347.45 1 1
github.com\robsix\json\json.go:350.2,350.12 1 1
github.com\robsix\json\json.go:347.45,349.3 1 1
github.com\robsix\json\json.go:354.67,356.16 2 1
github.com\robsix\json\json.go:359.2,360.24 2 1
github.com\robsix\json\json.go:367.2,367.20 1 1
github.com\robsix\json\json.go:356.16,358.3 1 1
github.com\robsix\json\json.go:360.24,361.43 1 1
github.com\robsix\json\json.go:361.43,363.4 1 1
github.com\robsix\json\json.go:363.4,365.4 1 1
github.com\robsix\json\json.go:376.76,377.50 1 1
github.com\robsix\json\json.go:380.2,380.12 1 1
github.com\robsix\json\json.go:377.50,379.3 1 1
github.com\robsix\json\json.go:384.54,387.2 2 1
github.com\robsix\json\json.go:393.58,394.42 1 1
github.com\robsix\json\json.go:397.2,397.12 1 1
github.com\robsix\json\json.go:394.42,396.3 1 1
github.com\robsix\json\json.go:401.61,403.16 2 1
github.com\robsix\json\json.go:406.2,407.24 2 1
github.com\robsix\json\json.go:415.2,415.20 1 1
github.com\robsix\json\json.go:403.16,405.3 1 1
github.com\robsix\json\json.go:407.24,409.38 2 1
github.com\robsix\json\json.go:409.38,411.4 1 1
github.com\robsix\json\json.go:411.4,413.4 1 1
github.com\robsix\json\json.go:424.67,425.47 1 1
github.com\robsix\json\json.go:428.2,428.12 1 1
github.com\robsix\json\json.go:425.47,427.3 1 1
github.com\robsix\json\json.go:432.62,434.16 2 1
github.com\robsix\json\json.go:437.2,437.25 1 1
github.com\robsix\json\json.go:447.2,447.44 1 1
github.com\robsix\json\json.go:434.16,436.3 1 1
github.com\robsix\json\json.go:438.2,439.42 1 1
github.com\robsix\json\json.go:440.2,441.48 1 1
github.com\robsix\json\json.go:442.2,443.55 1 1
github.com\robsix\json\json.go:444.2,445.56 1 1
github.com\robsix\json\json.go:454.70,455.46 1 1
github.com\robsix\json\json.go:458.2,458.12 1 1
github.com\robsix\json\json.go:455.46,457.3 1 1
github.com\robsix\json\json.go:462.69,464.16 2 1
github.com\robsix\json\json.go:467.2,468.24 2 1
github.com\robsix\json\json.go:476.2,476.20 1 1
github.com\robsix\json\json.go:464.16,466.3 1 1
github.com\robsix\json\json.go:468.24,470.42 2 1
github.com\robsix\json\json.go:470.42,472.4 1 1
github.com\robsix\json\json.go:472.4,474.4 1 1
github.com\robsix\json\json.go:485.79,486.51 1 1
github.com\robsix\json\json.go:489.2,489.12 1 1
github.com\robsix\json\json.go:486.51,488.3 1 1
github.com\robsix\json\json.go:493.58,495.16 2 1
github.com\robsix\json\json.go:498.2,498.25 1 1
github.com\robsix\json\json.go:508.2,508.44 1 1
github.com\robsix\json\json.go:495.16,497.3 1 1
github.com\robsix\json\json.go:499.2,500.40 1 1
github.com\robsix\json\json.go:501.2,502.55 1 1
github.com\robsix\json\json.go:503.2,504.46 1 1
github.com\robsix\json\json.go:505.2,506.54 1 1
github.com\robsix\json\json.go:515.64,516.44 1 1
github.com\robsix\json\json.go:519.2,519.12 1 1
github.com\robsix\json\json.go:516.44,518.3 1 1
github.com\robsix\json\json.go:523.65,525.16 2 1
github.com\robsix\json\json.go:528.2,529.24 2 1
github.com\robsix\json\json.go:537.2,537.20 1 1
github.com\robsix\json\json.go:525.16,527.3 1 1
github.com\robsix\json\json.go:529.24,531.40 2 1
github.com\robsix\json\json.go:531.40,533.4 1 1
github.com\robsix\json\json.go:533.4,535.4 1 1
github.com\robsix\json\json.go:546.74,547.49 1 1
github.com\robsix\json\json.go:550.2,550.12 1 1
github.com\robsix\json\json.go:547.49,549.3 1 1
github.com\robsix\json\json.go:554.60,556.16 2 1
github.com\robsix\json\json.go:559.2,559.25 1 1
github.com\robsix\json\json.go:569.2,569.44 1 1
github.com\robsix\json\json.go:556.16,558.3 1 1
github.com\robsix\json\json.go:560.2,561.68 1 1
github.com\robsix\json\json.go:562.2,563.56 1 1
github.com\robsix\json\json.go:564.2,565.54 1 1
github.com\robsix\json\json.go:566.2,567.47 1 1
github.com\robsix\json\json.go:576.67,577.45 1 1
github.com\robsix\json\json.go:580.2,580.12 1 1
github.com\robsix\json\json.go:577.45,579.3 1 1
github.com\robsix\json\json.go:584.67,586.16 2 1
github.com\robsix\json\json.go:589.2,590.24 2 1
github.com\robsix\json\json.go:598.2,598.20 1 1
github.com\robsix\json\json.go:586.16,588.3 1 1
github.com\robsix\json\json.go:590.24,592.41 2 1
github.com\robsix\json\json.go:592.41,594.4 1 1
github.com\robsix\json\json.go:594.4,596.4 1 1
github.com\robsix\json\json.go:607.76,608.50 1 1
github.com\robsix\json\json.go:611.2,611.12 1 1
github.com\robsix\json\json.go:608.50,610.3 1 1
github.com\robsix\json\json.go:619.40,621.2 1 1
